pb

--------
stackA  29 23 6 49 32 48 2 43 20 25 30 44 34 41 40 17 11 21 47 10 24 28 22 3 35 42 9 5 7 45 33 46 8 15 13 4 19 16 18 36 12 26 39 27 38 1 50 31 37 
stackB  14 
ra

--------
stackA  23 6 49 32 48 2 43 20 25 30 44 34 41 40 17 11 21 47 10 24 28 22 3 35 42 9 5 7 45 33 46 8 15 13 4 19 16 18 36 12 26 39 27 38 1 50 31 37 29 
stackB  14 
pb

--------
stackA  6 49 32 48 2 43 20 25 30 44 34 41 40 17 11 21 47 10 24 28 22 3 35 42 9 5 7 45 33 46 8 15 13 4 19 16 18 36 12 26 39 27 38 1 50 31 37 29 
stackB  23 14 
pb

--------
stackA  49 32 48 2 43 20 25 30 44 34 41 40 17 11 21 47 10 24 28 22 3 35 42 9 5 7 45 33 46 8 15 13 4 19 16 18 36 12 26 39 27 38 1 50 31 37 29 
stackB  6 23 14 
rb

--------
stackA  49 32 48 2 43 20 25 30 44 34 41 40 17 11 21 47 10 24 28 22 3 35 42 9 5 7 45 33 46 8 15 13 4 19 16 18 36 12 26 39 27 38 1 50 31 37 29 
stackB  23 14 6 
ra

--------
stackA  32 48 2 43 20 25 30 44 34 41 40 17 11 21 47 10 24 28 22 3 35 42 9 5 7 45 33 46 8 15 13 4 19 16 18 36 12 26 39 27 38 1 50 31 37 29 49 
stackB  23 14 6 
ra

--------
stackA  48 2 43 20 25 30 44 34 41 40 17 11 21 47 10 24 28 22 3 35 42 9 5 7 45 33 46 8 15 13 4 19 16 18 36 12 26 39 27 38 1 50 31 37 29 49 32 
stackB  23 14 6 
ra

--------
stackA  2 43 20 25 30 44 34 41 40 17 11 21 47 10 24 28 22 3 35 42 9 5 7 45 33 46 8 15 13 4 19 16 18 36 12 26 39 27 38 1 50 31 37 29 49 32 48 
stackB  23 14 6 
pb

--------
stackA  43 20 25 30 44 34 41 40 17 11 21 47 10 24 28 22 3 35 42 9 5 7 45 33 46 8 15 13 4 19 16 18 36 12 26 39 27 38 1 50 31 37 29 49 32 48 
stackB  2 23 14 6 
rb

--------
stackA  43 20 25 30 44 34 41 40 17 11 21 47 10 24 28 22 3 35 42 9 5 7 45 33 46 8 15 13 4 19 16 18 36 12 26 39 27 38 1 50 31 37 29 49 32 48 
stackB  23 14 6 2 
ra

--------
stackA  20 25 30 44 34 41 40 17 11 21 47 10 24 28 22 3 35 42 9 5 7 45 33 46 8 15 13 4 19 16 18 36 12 26 39 27 38 1 50 31 37 29 49 32 48 43 
stackB  23 14 6 2 
pb

--------
stackA  25 30 44 34 41 40 17 11 21 47 10 24 28 22 3 35 42 9 5 7 45 33 46 8 15 13 4 19 16 18 36 12 26 39 27 38 1 50 31 37 29 49 32 48 43 
stackB  20 23 14 6 2 
pb

--------
stackA  30 44 34 41 40 17 11 21 47 10 24 28 22 3 35 42 9 5 7 45 33 46 8 15 13 4 19 16 18 36 12 26 39 27 38 1 50 31 37 29 49 32 48 43 
stackB  25 20 23 14 6 2 
ra

--------
stackA  44 34 41 40 17 11 21 47 10 24 28 22 3 35 42 9 5 7 45 33 46 8 15 13 4 19 16 18 36 12 26 39 27 38 1 50 31 37 29 49 32 48 43 30 
stackB  25 20 23 14 6 2 
ra

--------
stackA  34 41 40 17 11 21 47 10 24 28 22 3 35 42 9 5 7 45 33 46 8 15 13 4 19 16 18 36 12 26 39 27 38 1 50 31 37 29 49 32 48 43 30 44 
stackB  25 20 23 14 6 2 
ra

--------
stackA  41 40 17 11 21 47 10 24 28 22 3 35 42 9 5 7 45 33 46 8 15 13 4 19 16 18 36 12 26 39 27 38 1 50 31 37 29 49 32 48 43 30 44 34 
stackB  25 20 23 14 6 2 
ra

--------
stackA  40 17 11 21 47 10 24 28 22 3 35 42 9 5 7 45 33 46 8 15 13 4 19 16 18 36 12 26 39 27 38 1 50 31 37 29 49 32 48 43 30 44 34 41 
stackB  25 20 23 14 6 2 
ra

--------
stackA  17 11 21 47 10 24 28 22 3 35 42 9 5 7 45 33 46 8 15 13 4 19 16 18 36 12 26 39 27 38 1 50 31 37 29 49 32 48 43 30 44 34 41 40 
stackB  25 20 23 14 6 2 
pb

--------
stackA  11 21 47 10 24 28 22 3 35 42 9 5 7 45 33 46 8 15 13 4 19 16 18 36 12 26 39 27 38 1 50 31 37 29 49 32 48 43 30 44 34 41 40 
stackB  17 25 20 23 14 6 2 
pb

--------
stackA  21 47 10 24 28 22 3 35 42 9 5 7 45 33 46 8 15 13 4 19 16 18 36 12 26 39 27 38 1 50 31 37 29 49 32 48 43 30 44 34 41 40 
stackB  11 17 25 20 23 14 6 2 
rb

--------
stackA  21 47 10 24 28 22 3 35 42 9 5 7 45 33 46 8 15 13 4 19 16 18 36 12 26 39 27 38 1 50 31 37 29 49 32 48 43 30 44 34 41 40 
stackB  17 25 20 23 14 6 2 11 
pb

--------
stackA  47 10 24 28 22 3 35 42 9 5 7 45 33 46 8 15 13 4 19 16 18 36 12 26 39 27 38 1 50 31 37 29 49 32 48 43 30 44 34 41 40 
stackB  21 17 25 20 23 14 6 2 11 
ra

--------
stackA  10 24 28 22 3 35 42 9 5 7 45 33 46 8 15 13 4 19 16 18 36 12 26 39 27 38 1 50 31 37 29 49 32 48 43 30 44 34 41 40 47 
stackB  21 17 25 20 23 14 6 2 11 
pb

--------
stackA  24 28 22 3 35 42 9 5 7 45 33 46 8 15 13 4 19 16 18 36 12 26 39 27 38 1 50 31 37 29 49 32 48 43 30 44 34 41 40 47 
stackB  10 21 17 25 20 23 14 6 2 11 
rb

--------
stackA  24 28 22 3 35 42 9 5 7 45 33 46 8 15 13 4 19 16 18 36 12 26 39 27 38 1 50 31 37 29 49 32 48 43 30 44 34 41 40 47 
stackB  21 17 25 20 23 14 6 2 11 10 
pb

--------
stackA  28 22 3 35 42 9 5 7 45 33 46 8 15 13 4 19 16 18 36 12 26 39 27 38 1 50 31 37 29 49 32 48 43 30 44 34 41 40 47 
stackB  24 21 17 25 20 23 14 6 2 11 10 
ra

--------
stackA  22 3 35 42 9 5 7 45 33 46 8 15 13 4 19 16 18 36 12 26 39 27 38 1 50 31 37 29 49 32 48 43 30 44 34 41 40 47 28 
stackB  24 21 17 25 20 23 14 6 2 11 10 
pb

--------
stackA  3 35 42 9 5 7 45 33 46 8 15 13 4 19 16 18 36 12 26 39 27 38 1 50 31 37 29 49 32 48 43 30 44 34 41 40 47 28 
stackB  22 24 21 17 25 20 23 14 6 2 11 10 
pb

--------
stackA  35 42 9 5 7 45 33 46 8 15 13 4 19 16 18 36 12 26 39 27 38 1 50 31 37 29 49 32 48 43 30 44 34 41 40 47 28 
stackB  3 22 24 21 17 25 20 23 14 6 2 11 10 
rb

--------
stackA  35 42 9 5 7 45 33 46 8 15 13 4 19 16 18 36 12 26 39 27 38 1 50 31 37 29 49 32 48 43 30 44 34 41 40 47 28 
stackB  22 24 21 17 25 20 23 14 6 2 11 10 3 
ra

--------
stackA  42 9 5 7 45 33 46 8 15 13 4 19 16 18 36 12 26 39 27 38 1 50 31 37 29 49 32 48 43 30 44 34 41 40 47 28 35 
stackB  22 24 21 17 25 20 23 14 6 2 11 10 3 
ra

--------
stackA  9 5 7 45 33 46 8 15 13 4 19 16 18 36 12 26 39 27 38 1 50 31 37 29 49 32 48 43 30 44 34 41 40 47 28 35 42 
stackB  22 24 21 17 25 20 23 14 6 2 11 10 3 
pb

--------
stackA  5 7 45 33 46 8 15 13 4 19 16 18 36 12 26 39 27 38 1 50 31 37 29 49 32 48 43 30 44 34 41 40 47 28 35 42 
stackB  9 22 24 21 17 25 20 23 14 6 2 11 10 3 
rb

--------
stackA  5 7 45 33 46 8 15 13 4 19 16 18 36 12 26 39 27 38 1 50 31 37 29 49 32 48 43 30 44 34 41 40 47 28 35 42 
stackB  22 24 21 17 25 20 23 14 6 2 11 10 3 9 
pb

--------
stackA  7 45 33 46 8 15 13 4 19 16 18 36 12 26 39 27 38 1 50 31 37 29 49 32 48 43 30 44 34 41 40 47 28 35 42 
stackB  5 22 24 21 17 25 20 23 14 6 2 11 10 3 9 
rb

--------
stackA  7 45 33 46 8 15 13 4 19 16 18 36 12 26 39 27 38 1 50 31 37 29 49 32 48 43 30 44 34 41 40 47 28 35 42 
stackB  22 24 21 17 25 20 23 14 6 2 11 10 3 9 5 
pb

--------
stackA  45 33 46 8 15 13 4 19 16 18 36 12 26 39 27 38 1 50 31 37 29 49 32 48 43 30 44 34 41 40 47 28 35 42 
stackB  7 22 24 21 17 25 20 23 14 6 2 11 10 3 9 5 
rb

--------
stackA  45 33 46 8 15 13 4 19 16 18 36 12 26 39 27 38 1 50 31 37 29 49 32 48 43 30 44 34 41 40 47 28 35 42 
stackB  22 24 21 17 25 20 23 14 6 2 11 10 3 9 5 7 
ra

--------
stackA  33 46 8 15 13 4 19 16 18 36 12 26 39 27 38 1 50 31 37 29 49 32 48 43 30 44 34 41 40 47 28 35 42 45 
stackB  22 24 21 17 25 20 23 14 6 2 11 10 3 9 5 7 
ra

--------
stackA  46 8 15 13 4 19 16 18 36 12 26 39 27 38 1 50 31 37 29 49 32 48 43 30 44 34 41 40 47 28 35 42 45 33 
stackB  22 24 21 17 25 20 23 14 6 2 11 10 3 9 5 7 
ra

--------
stackA  8 15 13 4 19 16 18 36 12 26 39 27 38 1 50 31 37 29 49 32 48 43 30 44 34 41 40 47 28 35 42 45 33 46 
stackB  22 24 21 17 25 20 23 14 6 2 11 10 3 9 5 7 
pb

--------
stackA  15 13 4 19 16 18 36 12 26 39 27 38 1 50 31 37 29 49 32 48 43 30 44 34 41 40 47 28 35 42 45 33 46 
stackB  8 22 24 21 17 25 20 23 14 6 2 11 10 3 9 5 7 
rb

--------
stackA  15 13 4 19 16 18 36 12 26 39 27 38 1 50 31 37 29 49 32 48 43 30 44 34 41 40 47 28 35 42 45 33 46 
stackB  22 24 21 17 25 20 23 14 6 2 11 10 3 9 5 7 8 
pb

--------
stackA  13 4 19 16 18 36 12 26 39 27 38 1 50 31 37 29 49 32 48 43 30 44 34 41 40 47 28 35 42 45 33 46 
stackB  15 22 24 21 17 25 20 23 14 6 2 11 10 3 9 5 7 8 
pb

--------
stackA  4 19 16 18 36 12 26 39 27 38 1 50 31 37 29 49 32 48 43 30 44 34 41 40 47 28 35 42 45 33 46 
stackB  13 15 22 24 21 17 25 20 23 14 6 2 11 10 3 9 5 7 8 
pb

--------
stackA  19 16 18 36 12 26 39 27 38 1 50 31 37 29 49 32 48 43 30 44 34 41 40 47 28 35 42 45 33 46 
stackB  4 13 15 22 24 21 17 25 20 23 14 6 2 11 10 3 9 5 7 8 
rb

--------
stackA  19 16 18 36 12 26 39 27 38 1 50 31 37 29 49 32 48 43 30 44 34 41 40 47 28 35 42 45 33 46 
stackB  13 15 22 24 21 17 25 20 23 14 6 2 11 10 3 9 5 7 8 4 
pb

--------
stackA  16 18 36 12 26 39 27 38 1 50 31 37 29 49 32 48 43 30 44 34 41 40 47 28 35 42 45 33 46 
stackB  19 13 15 22 24 21 17 25 20 23 14 6 2 11 10 3 9 5 7 8 4 
pb

--------
stackA  18 36 12 26 39 27 38 1 50 31 37 29 49 32 48 43 30 44 34 41 40 47 28 35 42 45 33 46 
stackB  16 19 13 15 22 24 21 17 25 20 23 14 6 2 11 10 3 9 5 7 8 4 
pb

--------
stackA  36 12 26 39 27 38 1 50 31 37 29 49 32 48 43 30 44 34 41 40 47 28 35 42 45 33 46 
stackB  18 16 19 13 15 22 24 21 17 25 20 23 14 6 2 11 10 3 9 5 7 8 4 
ra

--------
stackA  12 26 39 27 38 1 50 31 37 29 49 32 48 43 30 44 34 41 40 47 28 35 42 45 33 46 36 
stackB  18 16 19 13 15 22 24 21 17 25 20 23 14 6 2 11 10 3 9 5 7 8 4 
pb

--------
stackA  26 39 27 38 1 50 31 37 29 49 32 48 43 30 44 34 41 40 47 28 35 42 45 33 46 36 
stackB  12 18 16 19 13 15 22 24 21 17 25 20 23 14 6 2 11 10 3 9 5 7 8 4 
rb

--------
stackA  26 39 27 38 1 50 31 37 29 49 32 48 43 30 44 34 41 40 47 28 35 42 45 33 46 36 
stackB  18 16 19 13 15 22 24 21 17 25 20 23 14 6 2 11 10 3 9 5 7 8 4 12 
ra

--------
stackA  39 27 38 1 50 31 37 29 49 32 48 43 30 44 34 41 40 47 28 35 42 45 33 46 36 26 
stackB  18 16 19 13 15 22 24 21 17 25 20 23 14 6 2 11 10 3 9 5 7 8 4 12 
ra

--------
stackA  27 38 1 50 31 37 29 49 32 48 43 30 44 34 41 40 47 28 35 42 45 33 46 36 26 39 
stackB  18 16 19 13 15 22 24 21 17 25 20 23 14 6 2 11 10 3 9 5 7 8 4 12 
ra

--------
stackA  38 1 50 31 37 29 49 32 48 43 30 44 34 41 40 47 28 35 42 45 33 46 36 26 39 27 
stackB  18 16 19 13 15 22 24 21 17 25 20 23 14 6 2 11 10 3 9 5 7 8 4 12 
ra

--------
stackA  1 50 31 37 29 49 32 48 43 30 44 34 41 40 47 28 35 42 45 33 46 36 26 39 27 38 
stackB  18 16 19 13 15 22 24 21 17 25 20 23 14 6 2 11 10 3 9 5 7 8 4 12 
pb

--------
stackA  50 31 37 29 49 32 48 43 30 44 34 41 40 47 28 35 42 45 33 46 36 26 39 27 38 
stackB  1 18 16 19 13 15 22 24 21 17 25 20 23 14 6 2 11 10 3 9 5 7 8 4 12 
rb

--------
stackA  50 31 37 29 49 32 48 43 30 44 34 41 40 47 28 35 42 45 33 46 36 26 39 27 38 
stackB  18 16 19 13 15 22 24 21 17 25 20 23 14 6 2 11 10 3 9 5 7 8 4 12 1 
ra

--------
stackA  31 37 29 49 32 48 43 30 44 34 41 40 47 28 35 42 45 33 46 36 26 39 27 38 50 
stackB  18 16 19 13 15 22 24 21 17 25 20 23 14 6 2 11 10 3 9 5 7 8 4 12 1 
ra

--------
stackA  37 29 49 32 48 43 30 44 34 41 40 47 28 35 42 45 33 46 36 26 39 27 38 50 31 
stackB  18 16 19 13 15 22 24 21 17 25 20 23 14 6 2 11 10 3 9 5 7 8 4 12 1 
ra

--------
stackA  29 49 32 48 43 30 44 34 41 40 47 28 35 42 45 33 46 36 26 39 27 38 50 31 37 
stackB  18 16 19 13 15 22 24 21 17 25 20 23 14 6 2 11 10 3 9 5 7 8 4 12 1 
pa

--------
stackA  18 29 49 32 48 43 30 44 34 41 40 47 28 35 42 45 33 46 36 26 39 27 38 50 31 37 
stackB  16 19 13 15 22 24 21 17 25 20 23 14 6 2 11 10 3 9 5 7 8 4 12 1 
rrb

--------
stackA  18 29 49 32 48 43 30 44 34 41 40 47 28 35 42 45 33 46 36 26 39 27 38 50 31 37 
stackB  1 16 19 13 15 22 24 21 17 25 20 23 14 6 2 11 10 3 9 5 7 8 4 12 
pa

--------
stackA  1 18 29 49 32 48 43 30 44 34 41 40 47 28 35 42 45 33 46 36 26 39 27 38 50 31 37 
stackB  16 19 13 15 22 24 21 17 25 20 23 14 6 2 11 10 3 9 5 7 8 4 12 
ra

--------
stackA  18 29 49 32 48 43 30 44 34 41 40 47 28 35 42 45 33 46 36 26 39 27 38 50 31 37 1 
stackB  16 19 13 15 22 24 21 17 25 20 23 14 6 2 11 10 3 9 5 7 8 4 12 
pa

--------
stackA  16 18 29 49 32 48 43 30 44 34 41 40 47 28 35 42 45 33 46 36 26 39 27 38 50 31 37 1 
stackB  19 13 15 22 24 21 17 25 20 23 14 6 2 11 10 3 9 5 7 8 4 12 
pa

--------
stackA  19 16 18 29 49 32 48 43 30 44 34 41 40 47 28 35 42 45 33 46 36 26 39 27 38 50 31 37 1 
stackB  13 15 22 24 21 17 25 20 23 14 6 2 11 10 3 9 5 7 8 4 12 
pa

--------
stackA  13 19 16 18 29 49 32 48 43 30 44 34 41 40 47 28 35 42 45 33 46 36 26 39 27 38 50 31 37 1 
stackB  15 22 24 21 17 25 20 23 14 6 2 11 10 3 9 5 7 8 4 12 
pa

--------
stackA  15 13 19 16 18 29 49 32 48 43 30 44 34 41 40 47 28 35 42 45 33 46 36 26 39 27 38 50 31 37 1 
stackB  22 24 21 17 25 20 23 14 6 2 11 10 3 9 5 7 8 4 12 
pa

--------
stackA  22 15 13 19 16 18 29 49 32 48 43 30 44 34 41 40 47 28 35 42 45 33 46 36 26 39 27 38 50 31 37 1 
stackB  24 21 17 25 20 23 14 6 2 11 10 3 9 5 7 8 4 12 
pa

--------
stackA  24 22 15 13 19 16 18 29 49 32 48 43 30 44 34 41 40 47 28 35 42 45 33 46 36 26 39 27 38 50 31 37 1 
stackB  21 17 25 20 23 14 6 2 11 10 3 9 5 7 8 4 12 
pa

--------
stackA  21 24 22 15 13 19 16 18 29 49 32 48 43 30 44 34 41 40 47 28 35 42 45 33 46 36 26 39 27 38 50 31 37 1 
stackB  17 25 20 23 14 6 2 11 10 3 9 5 7 8 4 12 
pa

--------
stackA  17 21 24 22 15 13 19 16 18 29 49 32 48 43 30 44 34 41 40 47 28 35 42 45 33 46 36 26 39 27 38 50 31 37 1 
stackB  25 20 23 14 6 2 11 10 3 9 5 7 8 4 12 
pa

--------
stackA  25 17 21 24 22 15 13 19 16 18 29 49 32 48 43 30 44 34 41 40 47 28 35 42 45 33 46 36 26 39 27 38 50 31 37 1 
stackB  20 23 14 6 2 11 10 3 9 5 7 8 4 12 
pa

--------
stackA  20 25 17 21 24 22 15 13 19 16 18 29 49 32 48 43 30 44 34 41 40 47 28 35 42 45 33 46 36 26 39 27 38 50 31 37 1 
stackB  23 14 6 2 11 10 3 9 5 7 8 4 12 
pa

--------
stackA  23 20 25 17 21 24 22 15 13 19 16 18 29 49 32 48 43 30 44 34 41 40 47 28 35 42 45 33 46 36 26 39 27 38 50 31 37 1 
stackB  14 6 2 11 10 3 9 5 7 8 4 12 
pa

--------
stackA  14 23 20 25 17 21 24 22 15 13 19 16 18 29 49 32 48 43 30 44 34 41 40 47 28 35 42 45 33 46 36 26 39 27 38 50 31 37 1 
stackB  6 2 11 10 3 9 5 7 8 4 12 
sb

--------
stackA  14 23 20 25 17 21 24 22 15 13 19 16 18 29 49 32 48 43 30 44 34 41 40 47 28 35 42 45 33 46 36 26 39 27 38 50 31 37 1 
stackB  2 6 11 10 3 9 5 7 8 4 12 
pa

--------
stackA  2 14 23 20 25 17 21 24 22 15 13 19 16 18 29 49 32 48 43 30 44 34 41 40 47 28 35 42 45 33 46 36 26 39 27 38 50 31 37 1 
stackB  6 11 10 3 9 5 7 8 4 12 
ra

--------
stackA  14 23 20 25 17 21 24 22 15 13 19 16 18 29 49 32 48 43 30 44 34 41 40 47 28 35 42 45 33 46 36 26 39 27 38 50 31 37 1 2 
stackB  6 11 10 3 9 5 7 8 4 12 
rb

--------
stackA  14 23 20 25 17 21 24 22 15 13 19 16 18 29 49 32 48 43 30 44 34 41 40 47 28 35 42 45 33 46 36 26 39 27 38 50 31 37 1 2 
stackB  11 10 3 9 5 7 8 4 12 6 
rb

--------
stackA  14 23 20 25 17 21 24 22 15 13 19 16 18 29 49 32 48 43 30 44 34 41 40 47 28 35 42 45 33 46 36 26 39 27 38 50 31 37 1 2 
stackB  10 3 9 5 7 8 4 12 6 11 
sb

--------
stackA  14 23 20 25 17 21 24 22 15 13 19 16 18 29 49 32 48 43 30 44 34 41 40 47 28 35 42 45 33 46 36 26 39 27 38 50 31 37 1 2 
stackB  3 10 9 5 7 8 4 12 6 11 
pa

--------
stackA  3 14 23 20 25 17 21 24 22 15 13 19 16 18 29 49 32 48 43 30 44 34 41 40 47 28 35 42 45 33 46 36 26 39 27 38 50 31 37 1 2 
stackB  10 9 5 7 8 4 12 6 11 
ra

--------
stackA  14 23 20 25 17 21 24 22 15 13 19 16 18 29 49 32 48 43 30 44 34 41 40 47 28 35 42 45 33 46 36 26 39 27 38 50 31 37 1 2 3 
stackB  10 9 5 7 8 4 12 6 11 
rb

--------
stackA  14 23 20 25 17 21 24 22 15 13 19 16 18 29 49 32 48 43 30 44 34 41 40 47 28 35 42 45 33 46 36 26 39 27 38 50 31 37 1 2 3 
stackB  9 5 7 8 4 12 6 11 10 
rb

--------
stackA  14 23 20 25 17 21 24 22 15 13 19 16 18 29 49 32 48 43 30 44 34 41 40 47 28 35 42 45 33 46 36 26 39 27 38 50 31 37 1 2 3 
stackB  5 7 8 4 12 6 11 10 9 
rb

--------
stackA  14 23 20 25 17 21 24 22 15 13 19 16 18 29 49 32 48 43 30 44 34 41 40 47 28 35 42 45 33 46 36 26 39 27 38 50 31 37 1 2 3 
stackB  7 8 4 12 6 11 10 9 5 
rb

--------
stackA  14 23 20 25 17 21 24 22 15 13 19 16 18 29 49 32 48 43 30 44 34 41 40 47 28 35 42 45 33 46 36 26 39 27 38 50 31 37 1 2 3 
stackB  8 4 12 6 11 10 9 5 7 
sb

--------
stackA  14 23 20 25 17 21 24 22 15 13 19 16 18 29 49 32 48 43 30 44 34 41 40 47 28 35 42 45 33 46 36 26 39 27 38 50 31 37 1 2 3 
stackB  4 8 12 6 11 10 9 5 7 
pa

--------
stackA  4 14 23 20 25 17 21 24 22 15 13 19 16 18 29 49 32 48 43 30 44 34 41 40 47 28 35 42 45 33 46 36 26 39 27 38 50 31 37 1 2 3 
stackB  8 12 6 11 10 9 5 7 
ra

--------
stackA  14 23 20 25 17 21 24 22 15 13 19 16 18 29 49 32 48 43 30 44 34 41 40 47 28 35 42 45 33 46 36 26 39 27 38 50 31 37 1 2 3 4 
stackB  8 12 6 11 10 9 5 7 
rrb

--------
stackA  14 23 20 25 17 21 24 22 15 13 19 16 18 29 49 32 48 43 30 44 34 41 40 47 28 35 42 45 33 46 36 26 39 27 38 50 31 37 1 2 3 4 
stackB  7 8 12 6 11 10 9 5 
rrb

--------
stackA  14 23 20 25 17 21 24 22 15 13 19 16 18 29 49 32 48 43 30 44 34 41 40 47 28 35 42 45 33 46 36 26 39 27 38 50 31 37 1 2 3 4 
stackB  5 7 8 12 6 11 10 9 
pa

--------
stackA  5 14 23 20 25 17 21 24 22 15 13 19 16 18 29 49 32 48 43 30 44 34 41 40 47 28 35 42 45 33 46 36 26 39 27 38 50 31 37 1 2 3 4 
stackB  7 8 12 6 11 10 9 
ra

--------
stackA  14 23 20 25 17 21 24 22 15 13 19 16 18 29 49 32 48 43 30 44 34 41 40 47 28 35 42 45 33 46 36 26 39 27 38 50 31 37 1 2 3 4 5 
stackB  7 8 12 6 11 10 9 
rb

--------
stackA  14 23 20 25 17 21 24 22 15 13 19 16 18 29 49 32 48 43 30 44 34 41 40 47 28 35 42 45 33 46 36 26 39 27 38 50 31 37 1 2 3 4 5 
stackB  8 12 6 11 10 9 7 
rb

--------
stackA  14 23 20 25 17 21 24 22 15 13 19 16 18 29 49 32 48 43 30 44 34 41 40 47 28 35 42 45 33 46 36 26 39 27 38 50 31 37 1 2 3 4 5 
stackB  12 6 11 10 9 7 8 
sb

--------
stackA  14 23 20 25 17 21 24 22 15 13 19 16 18 29 49 32 48 43 30 44 34 41 40 47 28 35 42 45 33 46 36 26 39 27 38 50 31 37 1 2 3 4 5 
stackB  6 12 11 10 9 7 8 
pa

--------
stackA  6 14 23 20 25 17 21 24 22 15 13 19 16 18 29 49 32 48 43 30 44 34 41 40 47 28 35 42 45 33 46 36 26 39 27 38 50 31 37 1 2 3 4 5 
stackB  12 11 10 9 7 8 
ra

--------
stackA  14 23 20 25 17 21 24 22 15 13 19 16 18 29 49 32 48 43 30 44 34 41 40 47 28 35 42 45 33 46 36 26 39 27 38 50 31 37 1 2 3 4 5 6 
stackB  12 11 10 9 7 8 
rrb

--------
stackA  14 23 20 25 17 21 24 22 15 13 19 16 18 29 49 32 48 43 30 44 34 41 40 47 28 35 42 45 33 46 36 26 39 27 38 50 31 37 1 2 3 4 5 6 
stackB  8 12 11 10 9 7 
rrb

--------
stackA  14 23 20 25 17 21 24 22 15 13 19 16 18 29 49 32 48 43 30 44 34 41 40 47 28 35 42 45 33 46 36 26 39 27 38 50 31 37 1 2 3 4 5 6 
stackB  7 8 12 11 10 9 
pa

--------
stackA  7 14 23 20 25 17 21 24 22 15 13 19 16 18 29 49 32 48 43 30 44 34 41 40 47 28 35 42 45 33 46 36 26 39 27 38 50 31 37 1 2 3 4 5 6 
stackB  8 12 11 10 9 
ra

--------
stackA  14 23 20 25 17 21 24 22 15 13 19 16 18 29 49 32 48 43 30 44 34 41 40 47 28 35 42 45 33 46 36 26 39 27 38 50 31 37 1 2 3 4 5 6 7 
stackB  8 12 11 10 9 
rb

--------
stackA  14 23 20 25 17 21 24 22 15 13 19 16 18 29 49 32 48 43 30 44 34 41 40 47 28 35 42 45 33 46 36 26 39 27 38 50 31 37 1 2 3 4 5 6 7 
stackB  12 11 10 9 8 
rrb

--------
stackA  14 23 20 25 17 21 24 22 15 13 19 16 18 29 49 32 48 43 30 44 34 41 40 47 28 35 42 45 33 46 36 26 39 27 38 50 31 37 1 2 3 4 5 6 7 
stackB  8 12 11 10 9 
pa

--------
stackA  8 14 23 20 25 17 21 24 22 15 13 19 16 18 29 49 32 48 43 30 44 34 41 40 47 28 35 42 45 33 46 36 26 39 27 38 50 31 37 1 2 3 4 5 6 7 
stackB  12 11 10 9 
ra

--------
stackA  14 23 20 25 17 21 24 22 15 13 19 16 18 29 49 32 48 43 30 44 34 41 40 47 28 35 42 45 33 46 36 26 39 27 38 50 31 37 1 2 3 4 5 6 7 8 
stackB  12 11 10 9 
rrb

--------
stackA  14 23 20 25 17 21 24 22 15 13 19 16 18 29 49 32 48 43 30 44 34 41 40 47 28 35 42 45 33 46 36 26 39 27 38 50 31 37 1 2 3 4 5 6 7 8 
stackB  9 12 11 10 
pa

--------
stackA  9 14 23 20 25 17 21 24 22 15 13 19 16 18 29 49 32 48 43 30 44 34 41 40 47 28 35 42 45 33 46 36 26 39 27 38 50 31 37 1 2 3 4 5 6 7 8 
stackB  12 11 10 
ra

--------
stackA  14 23 20 25 17 21 24 22 15 13 19 16 18 29 49 32 48 43 30 44 34 41 40 47 28 35 42 45 33 46 36 26 39 27 38 50 31 37 1 2 3 4 5 6 7 8 9 
stackB  12 11 10 
rrb

--------
stackA  14 23 20 25 17 21 24 22 15 13 19 16 18 29 49 32 48 43 30 44 34 41 40 47 28 35 42 45 33 46 36 26 39 27 38 50 31 37 1 2 3 4 5 6 7 8 9 
stackB  10 12 11 
pa

--------
stackA  10 14 23 20 25 17 21 24 22 15 13 19 16 18 29 49 32 48 43 30 44 34 41 40 47 28 35 42 45 33 46 36 26 39 27 38 50 31 37 1 2 3 4 5 6 7 8 9 
stackB  12 11 
ra

--------
stackA  14 23 20 25 17 21 24 22 15 13 19 16 18 29 49 32 48 43 30 44 34 41 40 47 28 35 42 45 33 46 36 26 39 27 38 50 31 37 1 2 3 4 5 6 7 8 9 10 
stackB  12 11 
rrb

--------
stackA  14 23 20 25 17 21 24 22 15 13 19 16 18 29 49 32 48 43 30 44 34 41 40 47 28 35 42 45 33 46 36 26 39 27 38 50 31 37 1 2 3 4 5 6 7 8 9 10 
stackB  11 12 
pa

--------
stackA  11 14 23 20 25 17 21 24 22 15 13 19 16 18 29 49 32 48 43 30 44 34 41 40 47 28 35 42 45 33 46 36 26 39 27 38 50 31 37 1 2 3 4 5 6 7 8 9 10 
stackB  12 
ra

--------
stackA  14 23 20 25 17 21 24 22 15 13 19 16 18 29 49 32 48 43 30 44 34 41 40 47 28 35 42 45 33 46 36 26 39 27 38 50 31 37 1 2 3 4 5 6 7 8 9 10 11 
stackB  12 
pa

--------
stackA  12 14 23 20 25 17 21 24 22 15 13 19 16 18 29 49 32 48 43 30 44 34 41 40 47 28 35 42 45 33 46 36 26 39 27 38 50 31 37 1 2 3 4 5 6 7 8 9 10 11 
stackB  
ra

--------
stackA  14 23 20 25 17 21 24 22 15 13 19 16 18 29 49 32 48 43 30 44 34 41 40 47 28 35 42 45 33 46 36 26 39 27 38 50 31 37 1 2 3 4 5 6 7 8 9 10 11 12 
stackB  
pb

--------
stackA  23 20 25 17 21 24 22 15 13 19 16 18 29 49 32 48 43 30 44 34 41 40 47 28 35 42 45 33 46 36 26 39 27 38 50 31 37 1 2 3 4 5 6 7 8 9 10 11 12 
stackB  14 
pb

--------
stackA  20 25 17 21 24 22 15 13 19 16 18 29 49 32 48 43 30 44 34 41 40 47 28 35 42 45 33 46 36 26 39 27 38 50 31 37 1 2 3 4 5 6 7 8 9 10 11 12 
stackB  23 14 
pb

--------
stackA  25 17 21 24 22 15 13 19 16 18 29 49 32 48 43 30 44 34 41 40 47 28 35 42 45 33 46 36 26 39 27 38 50 31 37 1 2 3 4 5 6 7 8 9 10 11 12 
stackB  20 23 14 
pb

--------
stackA  17 21 24 22 15 13 19 16 18 29 49 32 48 43 30 44 34 41 40 47 28 35 42 45 33 46 36 26 39 27 38 50 31 37 1 2 3 4 5 6 7 8 9 10 11 12 
stackB  25 20 23 14 
pb

--------
stackA  21 24 22 15 13 19 16 18 29 49 32 48 43 30 44 34 41 40 47 28 35 42 45 33 46 36 26 39 27 38 50 31 37 1 2 3 4 5 6 7 8 9 10 11 12 
stackB  17 25 20 23 14 
pb

--------
stackA  24 22 15 13 19 16 18 29 49 32 48 43 30 44 34 41 40 47 28 35 42 45 33 46 36 26 39 27 38 50 31 37 1 2 3 4 5 6 7 8 9 10 11 12 
stackB  21 17 25 20 23 14 
pb

--------
stackA  22 15 13 19 16 18 29 49 32 48 43 30 44 34 41 40 47 28 35 42 45 33 46 36 26 39 27 38 50 31 37 1 2 3 4 5 6 7 8 9 10 11 12 
stackB  24 21 17 25 20 23 14 
pb

--------
stackA  15 13 19 16 18 29 49 32 48 43 30 44 34 41 40 47 28 35 42 45 33 46 36 26 39 27 38 50 31 37 1 2 3 4 5 6 7 8 9 10 11 12 
stackB  22 24 21 17 25 20 23 14 
sa

--------
stackA  13 15 19 16 18 29 49 32 48 43 30 44 34 41 40 47 28 35 42 45 33 46 36 26 39 27 38 50 31 37 1 2 3 4 5 6 7 8 9 10 11 12 
stackB  22 24 21 17 25 20 23 14 
ra

--------
stackA  15 19 16 18 29 49 32 48 43 30 44 34 41 40 47 28 35 42 45 33 46 36 26 39 27 38 50 31 37 1 2 3 4 5 6 7 8 9 10 11 12 13 
stackB  22 24 21 17 25 20 23 14 
pa

--------
stackA  22 15 19 16 18 29 49 32 48 43 30 44 34 41 40 47 28 35 42 45 33 46 36 26 39 27 38 50 31 37 1 2 3 4 5 6 7 8 9 10 11 12 13 
stackB  24 21 17 25 20 23 14 
rrb

--------
stackA  22 15 19 16 18 29 49 32 48 43 30 44 34 41 40 47 28 35 42 45 33 46 36 26 39 27 38 50 31 37 1 2 3 4 5 6 7 8 9 10 11 12 13 
stackB  14 24 21 17 25 20 23 
pa

--------
stackA  14 22 15 19 16 18 29 49 32 48 43 30 44 34 41 40 47 28 35 42 45 33 46 36 26 39 27 38 50 31 37 1 2 3 4 5 6 7 8 9 10 11 12 13 
stackB  24 21 17 25 20 23 
ra

--------
stackA  22 15 19 16 18 29 49 32 48 43 30 44 34 41 40 47 28 35 42 45 33 46 36 26 39 27 38 50 31 37 1 2 3 4 5 6 7 8 9 10 11 12 13 14 
stackB  24 21 17 25 20 23 
sa

--------
stackA  15 22 19 16 18 29 49 32 48 43 30 44 34 41 40 47 28 35 42 45 33 46 36 26 39 27 38 50 31 37 1 2 3 4 5 6 7 8 9 10 11 12 13 14 
stackB  24 21 17 25 20 23 
ra

--------
stackA  22 19 16 18 29 49 32 48 43 30 44 34 41 40 47 28 35 42 45 33 46 36 26 39 27 38 50 31 37 1 2 3 4 5 6 7 8 9 10 11 12 13 14 15 
stackB  24 21 17 25 20 23 
pb

--------
stackA  19 16 18 29 49 32 48 43 30 44 34 41 40 47 28 35 42 45 33 46 36 26 39 27 38 50 31 37 1 2 3 4 5 6 7 8 9 10 11 12 13 14 15 
stackB  22 24 21 17 25 20 23 
sa

--------
stackA  16 19 18 29 49 32 48 43 30 44 34 41 40 47 28 35 42 45 33 46 36 26 39 27 38 50 31 37 1 2 3 4 5 6 7 8 9 10 11 12 13 14 15 
stackB  22 24 21 17 25 20 23 
ra

--------
stackA  19 18 29 49 32 48 43 30 44 34 41 40 47 28 35 42 45 33 46 36 26 39 27 38 50 31 37 1 2 3 4 5 6 7 8 9 10 11 12 13 14 15 16 
stackB  22 24 21 17 25 20 23 
pa

--------
stackA  22 19 18 29 49 32 48 43 30 44 34 41 40 47 28 35 42 45 33 46 36 26 39 27 38 50 31 37 1 2 3 4 5 6 7 8 9 10 11 12 13 14 15 16 
stackB  24 21 17 25 20 23 
pa

--------
stackA  24 22 19 18 29 49 32 48 43 30 44 34 41 40 47 28 35 42 45 33 46 36 26 39 27 38 50 31 37 1 2 3 4 5 6 7 8 9 10 11 12 13 14 15 16 
stackB  21 17 25 20 23 
sb

--------
stackA  24 22 19 18 29 49 32 48 43 30 44 34 41 40 47 28 35 42 45 33 46 36 26 39 27 38 50 31 37 1 2 3 4 5 6 7 8 9 10 11 12 13 14 15 16 
stackB  17 21 25 20 23 
pa

--------
stackA  17 24 22 19 18 29 49 32 48 43 30 44 34 41 40 47 28 35 42 45 33 46 36 26 39 27 38 50 31 37 1 2 3 4 5 6 7 8 9 10 11 12 13 14 15 16 
stackB  21 25 20 23 
ra

--------
stackA  24 22 19 18 29 49 32 48 43 30 44 34 41 40 47 28 35 42 45 33 46 36 26 39 27 38 50 31 37 1 2 3 4 5 6 7 8 9 10 11 12 13 14 15 16 17 
stackB  21 25 20 23 
pa

--------
stackA  21 24 22 19 18 29 49 32 48 43 30 44 34 41 40 47 28 35 42 45 33 46 36 26 39 27 38 50 31 37 1 2 3 4 5 6 7 8 9 10 11 12 13 14 15 16 17 
stackB  25 20 23 
pa

--------
stackA  25 21 24 22 19 18 29 49 32 48 43 30 44 34 41 40 47 28 35 42 45 33 46 36 26 39 27 38 50 31 37 1 2 3 4 5 6 7 8 9 10 11 12 13 14 15 16 17 
stackB  20 23 
pa

--------
stackA  20 25 21 24 22 19 18 29 49 32 48 43 30 44 34 41 40 47 28 35 42 45 33 46 36 26 39 27 38 50 31 37 1 2 3 4 5 6 7 8 9 10 11 12 13 14 15 16 17 
stackB  23 
pa

--------
stackA  23 20 25 21 24 22 19 18 29 49 32 48 43 30 44 34 41 40 47 28 35 42 45 33 46 36 26 39 27 38 50 31 37 1 2 3 4 5 6 7 8 9 10 11 12 13 14 15 16 17 
stackB  
pb

--------
stackA  20 25 21 24 22 19 18 29 49 32 48 43 30 44 34 41 40 47 28 35 42 45 33 46 36 26 39 27 38 50 31 37 1 2 3 4 5 6 7 8 9 10 11 12 13 14 15 16 17 
stackB  23 
pb

--------
stackA  25 21 24 22 19 18 29 49 32 48 43 30 44 34 41 40 47 28 35 42 45 33 46 36 26 39 27 38 50 31 37 1 2 3 4 5 6 7 8 9 10 11 12 13 14 15 16 17 
stackB  20 23 
rb

--------
stackA  25 21 24 22 19 18 29 49 32 48 43 30 44 34 41 40 47 28 35 42 45 33 46 36 26 39 27 38 50 31 37 1 2 3 4 5 6 7 8 9 10 11 12 13 14 15 16 17 
stackB  23 20 
pb

--------
stackA  21 24 22 19 18 29 49 32 48 43 30 44 34 41 40 47 28 35 42 45 33 46 36 26 39 27 38 50 31 37 1 2 3 4 5 6 7 8 9 10 11 12 13 14 15 16 17 
stackB  25 23 20 
pa

--------
stackA  25 21 24 22 19 18 29 49 32 48 43 30 44 34 41 40 47 28 35 42 45 33 46 36 26 39 27 38 50 31 37 1 2 3 4 5 6 7 8 9 10 11 12 13 14 15 16 17 
stackB  23 20 
pa

--------
stackA  23 25 21 24 22 19 18 29 49 32 48 43 30 44 34 41 40 47 28 35 42 45 33 46 36 26 39 27 38 50 31 37 1 2 3 4 5 6 7 8 9 10 11 12 13 14 15 16 17 
stackB  20 
pa

--------
stackA  20 23 25 21 24 22 19 18 29 49 32 48 43 30 44 34 41 40 47 28 35 42 45 33 46 36 26 39 27 38 50 31 37 1 2 3 4 5 6 7 8 9 10 11 12 13 14 15 16 17 
stackB  
pb

--------
stackA  23 25 21 24 22 19 18 29 49 32 48 43 30 44 34 41 40 47 28 35 42 45 33 46 36 26 39 27 38 50 31 37 1 2 3 4 5 6 7 8 9 10 11 12 13 14 15 16 17 
stackB  20 
pb

--------
stackA  25 21 24 22 19 18 29 49 32 48 43 30 44 34 41 40 47 28 35 42 45 33 46 36 26 39 27 38 50 31 37 1 2 3 4 5 6 7 8 9 10 11 12 13 14 15 16 17 
stackB  23 20 
pb

--------
stackA  21 24 22 19 18 29 49 32 48 43 30 44 34 41 40 47 28 35 42 45 33 46 36 26 39 27 38 50 31 37 1 2 3 4 5 6 7 8 9 10 11 12 13 14 15 16 17 
stackB  25 23 20 
pb

--------
stackA  24 22 19 18 29 49 32 48 43 30 44 34 41 40 47 28 35 42 45 33 46 36 26 39 27 38 50 31 37 1 2 3 4 5 6 7 8 9 10 11 12 13 14 15 16 17 
stackB  21 25 23 20 
pb

--------
stackA  22 19 18 29 49 32 48 43 30 44 34 41 40 47 28 35 42 45 33 46 36 26 39 27 38 50 31 37 1 2 3 4 5 6 7 8 9 10 11 12 13 14 15 16 17 
stackB  24 21 25 23 20 
pb

--------
stackA  19 18 29 49 32 48 43 30 44 34 41 40 47 28 35 42 45 33 46 36 26 39 27 38 50 31 37 1 2 3 4 5 6 7 8 9 10 11 12 13 14 15 16 17 
stackB  22 24 21 25 23 20 
sa

--------
stackA  18 19 29 49 32 48 43 30 44 34 41 40 47 28 35 42 45 33 46 36 26 39 27 38 50 31 37 1 2 3 4 5 6 7 8 9 10 11 12 13 14 15 16 17 
stackB  22 24 21 25 23 20 
ra

--------
stackA  19 29 49 32 48 43 30 44 34 41 40 47 28 35 42 45 33 46 36 26 39 27 38 50 31 37 1 2 3 4 5 6 7 8 9 10 11 12 13 14 15 16 17 18 
stackB  22 24 21 25 23 20 
pa

--------
stackA  22 19 29 49 32 48 43 30 44 34 41 40 47 28 35 42 45 33 46 36 26 39 27 38 50 31 37 1 2 3 4 5 6 7 8 9 10 11 12 13 14 15 16 17 18 
stackB  24 21 25 23 20 
sa

--------
stackA  19 22 29 49 32 48 43 30 44 34 41 40 47 28 35 42 45 33 46 36 26 39 27 38 50 31 37 1 2 3 4 5 6 7 8 9 10 11 12 13 14 15 16 17 18 
stackB  24 21 25 23 20 
ra

--------
stackA  22 29 49 32 48 43 30 44 34 41 40 47 28 35 42 45 33 46 36 26 39 27 38 50 31 37 1 2 3 4 5 6 7 8 9 10 11 12 13 14 15 16 17 18 19 
stackB  24 21 25 23 20 
rrb

--------
stackA  22 29 49 32 48 43 30 44 34 41 40 47 28 35 42 45 33 46 36 26 39 27 38 50 31 37 1 2 3 4 5 6 7 8 9 10 11 12 13 14 15 16 17 18 19 
stackB  20 24 21 25 23 
pa

--------
stackA  20 22 29 49 32 48 43 30 44 34 41 40 47 28 35 42 45 33 46 36 26 39 27 38 50 31 37 1 2 3 4 5 6 7 8 9 10 11 12 13 14 15 16 17 18 19 
stackB  24 21 25 23 
ra

--------
stackA  22 29 49 32 48 43 30 44 34 41 40 47 28 35 42 45 33 46 36 26 39 27 38 50 31 37 1 2 3 4 5 6 7 8 9 10 11 12 13 14 15 16 17 18 19 20 
stackB  24 21 25 23 
sb

--------
stackA  22 29 49 32 48 43 30 44 34 41 40 47 28 35 42 45 33 46 36 26 39 27 38 50 31 37 1 2 3 4 5 6 7 8 9 10 11 12 13 14 15 16 17 18 19 20 
stackB  21 24 25 23 
pa

--------
stackA  21 22 29 49 32 48 43 30 44 34 41 40 47 28 35 42 45 33 46 36 26 39 27 38 50 31 37 1 2 3 4 5 6 7 8 9 10 11 12 13 14 15 16 17 18 19 20 
stackB  24 25 23 
ra

--------
stackA  22 29 49 32 48 43 30 44 34 41 40 47 28 35 42 45 33 46 36 26 39 27 38 50 31 37 1 2 3 4 5 6 7 8 9 10 11 12 13 14 15 16 17 18 19 20 21 
stackB  24 25 23 
ra

--------
stackA  29 49 32 48 43 30 44 34 41 40 47 28 35 42 45 33 46 36 26 39 27 38 50 31 37 1 2 3 4 5 6 7 8 9 10 11 12 13 14 15 16 17 18 19 20 21 22 
stackB  24 25 23 
rrb

--------
stackA  29 49 32 48 43 30 44 34 41 40 47 28 35 42 45 33 46 36 26 39 27 38 50 31 37 1 2 3 4 5 6 7 8 9 10 11 12 13 14 15 16 17 18 19 20 21 22 
stackB  23 24 25 
pa

--------
stackA  23 29 49 32 48 43 30 44 34 41 40 47 28 35 42 45 33 46 36 26 39 27 38 50 31 37 1 2 3 4 5 6 7 8 9 10 11 12 13 14 15 16 17 18 19 20 21 22 
stackB  24 25 
ra

--------
stackA  29 49 32 48 43 30 44 34 41 40 47 28 35 42 45 33 46 36 26 39 27 38 50 31 37 1 2 3 4 5 6 7 8 9 10 11 12 13 14 15 16 17 18 19 20 21 22 23 
stackB  24 25 
pa

--------
stackA  24 29 49 32 48 43 30 44 34 41 40 47 28 35 42 45 33 46 36 26 39 27 38 50 31 37 1 2 3 4 5 6 7 8 9 10 11 12 13 14 15 16 17 18 19 20 21 22 23 
stackB  25 
ra

--------
stackA  29 49 32 48 43 30 44 34 41 40 47 28 35 42 45 33 46 36 26 39 27 38 50 31 37 1 2 3 4 5 6 7 8 9 10 11 12 13 14 15 16 17 18 19 20 21 22 23 24 
stackB  25 
pa

--------
stackA  25 29 49 32 48 43 30 44 34 41 40 47 28 35 42 45 33 46 36 26 39 27 38 50 31 37 1 2 3 4 5 6 7 8 9 10 11 12 13 14 15 16 17 18 19 20 21 22 23 24 
stackB  
ra

--------
stackA  29 49 32 48 43 30 44 34 41 40 47 28 35 42 45 33 46 36 26 39 27 38 50 31 37 1 2 3 4 5 6 7 8 9 10 11 12 13 14 15 16 17 18 19 20 21 22 23 24 25 
stackB  
pb

--------
stackA  49 32 48 43 30 44 34 41 40 47 28 35 42 45 33 46 36 26 39 27 38 50 31 37 1 2 3 4 5 6 7 8 9 10 11 12 13 14 15 16 17 18 19 20 21 22 23 24 25 
stackB  29 
pb

--------
stackA  32 48 43 30 44 34 41 40 47 28 35 42 45 33 46 36 26 39 27 38 50 31 37 1 2 3 4 5 6 7 8 9 10 11 12 13 14 15 16 17 18 19 20 21 22 23 24 25 
stackB  49 29 
pb

--------
stackA  48 43 30 44 34 41 40 47 28 35 42 45 33 46 36 26 39 27 38 50 31 37 1 2 3 4 5 6 7 8 9 10 11 12 13 14 15 16 17 18 19 20 21 22 23 24 25 
stackB  32 49 29 
rb

--------
stackA  48 43 30 44 34 41 40 47 28 35 42 45 33 46 36 26 39 27 38 50 31 37 1 2 3 4 5 6 7 8 9 10 11 12 13 14 15 16 17 18 19 20 21 22 23 24 25 
stackB  49 29 32 
pb

--------
stackA  43 30 44 34 41 40 47 28 35 42 45 33 46 36 26 39 27 38 50 31 37 1 2 3 4 5 6 7 8 9 10 11 12 13 14 15 16 17 18 19 20 21 22 23 24 25 
stackB  48 49 29 32 
pb

--------
stackA  30 44 34 41 40 47 28 35 42 45 33 46 36 26 39 27 38 50 31 37 1 2 3 4 5 6 7 8 9 10 11 12 13 14 15 16 17 18 19 20 21 22 23 24 25 
stackB  43 48 49 29 32 
pb

--------
stackA  44 34 41 40 47 28 35 42 45 33 46 36 26 39 27 38 50 31 37 1 2 3 4 5 6 7 8 9 10 11 12 13 14 15 16 17 18 19 20 21 22 23 24 25 
stackB  30 43 48 49 29 32 
rb

--------
stackA  44 34 41 40 47 28 35 42 45 33 46 36 26 39 27 38 50 31 37 1 2 3 4 5 6 7 8 9 10 11 12 13 14 15 16 17 18 19 20 21 22 23 24 25 
stackB  43 48 49 29 32 30 
pb

--------
stackA  34 41 40 47 28 35 42 45 33 46 36 26 39 27 38 50 31 37 1 2 3 4 5 6 7 8 9 10 11 12 13 14 15 16 17 18 19 20 21 22 23 24 25 
stackB  44 43 48 49 29 32 30 
pb

--------
stackA  41 40 47 28 35 42 45 33 46 36 26 39 27 38 50 31 37 1 2 3 4 5 6 7 8 9 10 11 12 13 14 15 16 17 18 19 20 21 22 23 24 25 
stackB  34 44 43 48 49 29 32 30 
rb

--------
stackA  41 40 47 28 35 42 45 33 46 36 26 39 27 38 50 31 37 1 2 3 4 5 6 7 8 9 10 11 12 13 14 15 16 17 18 19 20 21 22 23 24 25 
stackB  44 43 48 49 29 32 30 34 
pb

--------
stackA  40 47 28 35 42 45 33 46 36 26 39 27 38 50 31 37 1 2 3 4 5 6 7 8 9 10 11 12 13 14 15 16 17 18 19 20 21 22 23 24 25 
stackB  41 44 43 48 49 29 32 30 34 
pb

--------
stackA  47 28 35 42 45 33 46 36 26 39 27 38 50 31 37 1 2 3 4 5 6 7 8 9 10 11 12 13 14 15 16 17 18 19 20 21 22 23 24 25 
stackB  40 41 44 43 48 49 29 32 30 34 
pb

--------
stackA  28 35 42 45 33 46 36 26 39 27 38 50 31 37 1 2 3 4 5 6 7 8 9 10 11 12 13 14 15 16 17 18 19 20 21 22 23 24 25 
stackB  47 40 41 44 43 48 49 29 32 30 34 
pb

--------
stackA  35 42 45 33 46 36 26 39 27 38 50 31 37 1 2 3 4 5 6 7 8 9 10 11 12 13 14 15 16 17 18 19 20 21 22 23 24 25 
stackB  28 47 40 41 44 43 48 49 29 32 30 34 
rb

--------
stackA  35 42 45 33 46 36 26 39 27 38 50 31 37 1 2 3 4 5 6 7 8 9 10 11 12 13 14 15 16 17 18 19 20 21 22 23 24 25 
stackB  47 40 41 44 43 48 49 29 32 30 34 28 
pb

--------
stackA  42 45 33 46 36 26 39 27 38 50 31 37 1 2 3 4 5 6 7 8 9 10 11 12 13 14 15 16 17 18 19 20 21 22 23 24 25 
stackB  35 47 40 41 44 43 48 49 29 32 30 34 28 
rb

--------
stackA  42 45 33 46 36 26 39 27 38 50 31 37 1 2 3 4 5 6 7 8 9 10 11 12 13 14 15 16 17 18 19 20 21 22 23 24 25 
stackB  47 40 41 44 43 48 49 29 32 30 34 28 35 
pb

--------
stackA  45 33 46 36 26 39 27 38 50 31 37 1 2 3 4 5 6 7 8 9 10 11 12 13 14 15 16 17 18 19 20 21 22 23 24 25 
stackB  42 47 40 41 44 43 48 49 29 32 30 34 28 35 
pb

--------
stackA  33 46 36 26 39 27 38 50 31 37 1 2 3 4 5 6 7 8 9 10 11 12 13 14 15 16 17 18 19 20 21 22 23 24 25 
stackB  45 42 47 40 41 44 43 48 49 29 32 30 34 28 35 
pb

--------
stackA  46 36 26 39 27 38 50 31 37 1 2 3 4 5 6 7 8 9 10 11 12 13 14 15 16 17 18 19 20 21 22 23 24 25 
stackB  33 45 42 47 40 41 44 43 48 49 29 32 30 34 28 35 
pb

--------
stackA  36 26 39 27 38 50 31 37 1 2 3 4 5 6 7 8 9 10 11 12 13 14 15 16 17 18 19 20 21 22 23 24 25 
stackB  46 33 45 42 47 40 41 44 43 48 49 29 32 30 34 28 35 
sa

--------
stackA  26 36 39 27 38 50 31 37 1 2 3 4 5 6 7 8 9 10 11 12 13 14 15 16 17 18 19 20 21 22 23 24 25 
stackB  46 33 45 42 47 40 41 44 43 48 49 29 32 30 34 28 35 
ra

--------
stackA  36 39 27 38 50 31 37 1 2 3 4 5 6 7 8 9 10 11 12 13 14 15 16 17 18 19 20 21 22 23 24 25 26 
stackB  46 33 45 42 47 40 41 44 43 48 49 29 32 30 34 28 35 
pa

--------
stackA  46 36 39 27 38 50 31 37 1 2 3 4 5 6 7 8 9 10 11 12 13 14 15 16 17 18 19 20 21 22 23 24 25 26 
stackB  33 45 42 47 40 41 44 43 48 49 29 32 30 34 28 35 
rb

--------
stackA  46 36 39 27 38 50 31 37 1 2 3 4 5 6 7 8 9 10 11 12 13 14 15 16 17 18 19 20 21 22 23 24 25 26 
stackB  45 42 47 40 41 44 43 48 49 29 32 30 34 28 35 33 
pb

--------
stackA  36 39 27 38 50 31 37 1 2 3 4 5 6 7 8 9 10 11 12 13 14 15 16 17 18 19 20 21 22 23 24 25 26 
stackB  46 45 42 47 40 41 44 43 48 49 29 32 30 34 28 35 33 
pb

--------
stackA  39 27 38 50 31 37 1 2 3 4 5 6 7 8 9 10 11 12 13 14 15 16 17 18 19 20 21 22 23 24 25 26 
stackB  36 46 45 42 47 40 41 44 43 48 49 29 32 30 34 28 35 33 
sa

--------
stackA  27 39 38 50 31 37 1 2 3 4 5 6 7 8 9 10 11 12 13 14 15 16 17 18 19 20 21 22 23 24 25 26 
stackB  36 46 45 42 47 40 41 44 43 48 49 29 32 30 34 28 35 33 
ra

--------
stackA  39 38 50 31 37 1 2 3 4 5 6 7 8 9 10 11 12 13 14 15 16 17 18 19 20 21 22 23 24 25 26 27 
stackB  36 46 45 42 47 40 41 44 43 48 49 29 32 30 34 28 35 33 
pa

--------
stackA  36 39 38 50 31 37 1 2 3 4 5 6 7 8 9 10 11 12 13 14 15 16 17 18 19 20 21 22 23 24 25 26 27 
stackB  46 45 42 47 40 41 44 43 48 49 29 32 30 34 28 35 33 
pb

--------
stackA  39 38 50 31 37 1 2 3 4 5 6 7 8 9 10 11 12 13 14 15 16 17 18 19 20 21 22 23 24 25 26 27 
stackB  36 46 45 42 47 40 41 44 43 48 49 29 32 30 34 28 35 33 
rb

--------
stackA  39 38 50 31 37 1 2 3 4 5 6 7 8 9 10 11 12 13 14 15 16 17 18 19 20 21 22 23 24 25 26 27 
stackB  46 45 42 47 40 41 44 43 48 49 29 32 30 34 28 35 33 36 
pb

--------
stackA  38 50 31 37 1 2 3 4 5 6 7 8 9 10 11 12 13 14 15 16 17 18 19 20 21 22 23 24 25 26 27 
stackB  39 46 45 42 47 40 41 44 43 48 49 29 32 30 34 28 35 33 36 
pb

--------
stackA  50 31 37 1 2 3 4 5 6 7 8 9 10 11 12 13 14 15 16 17 18 19 20 21 22 23 24 25 26 27 
stackB  38 39 46 45 42 47 40 41 44 43 48 49 29 32 30 34 28 35 33 36 
pb

--------
stackA  31 37 1 2 3 4 5 6 7 8 9 10 11 12 13 14 15 16 17 18 19 20 21 22 23 24 25 26 27 
stackB  50 38 39 46 45 42 47 40 41 44 43 48 49 29 32 30 34 28 35 33 36 
pb

--------
stackA  37 1 2 3 4 5 6 7 8 9 10 11 12 13 14 15 16 17 18 19 20 21 22 23 24 25 26 27 
stackB  31 50 38 39 46 45 42 47 40 41 44 43 48 49 29 32 30 34 28 35 33 36 
rb

--------
stackA  37 1 2 3 4 5 6 7 8 9 10 11 12 13 14 15 16 17 18 19 20 21 22 23 24 25 26 27 
stackB  50 38 39 46 45 42 47 40 41 44 43 48 49 29 32 30 34 28 35 33 36 31 
pb

--------
stackA  1 2 3 4 5 6 7 8 9 10 11 12 13 14 15 16 17 18 19 20 21 22 23 24 25 26 27 
stackB  37 50 38 39 46 45 42 47 40 41 44 43 48 49 29 32 30 34 28 35 33 36 31 
rb

--------
stackA  1 2 3 4 5 6 7 8 9 10 11 12 13 14 15 16 17 18 19 20 21 22 23 24 25 26 27 
stackB  50 38 39 46 45 42 47 40 41 44 43 48 49 29 32 30 34 28 35 33 36 31 37 
pa

--------
stackA  50 1 2 3 4 5 6 7 8 9 10 11 12 13 14 15 16 17 18 19 20 21 22 23 24 25 26 27 
stackB  38 39 46 45 42 47 40 41 44 43 48 49 29 32 30 34 28 35 33 36 31 37 
rb

--------
stackA  50 1 2 3 4 5 6 7 8 9 10 11 12 13 14 15 16 17 18 19 20 21 22 23 24 25 26 27 
stackB  39 46 45 42 47 40 41 44 43 48 49 29 32 30 34 28 35 33 36 31 37 38 
pa

--------
stackA  39 50 1 2 3 4 5 6 7 8 9 10 11 12 13 14 15 16 17 18 19 20 21 22 23 24 25 26 27 
stackB  46 45 42 47 40 41 44 43 48 49 29 32 30 34 28 35 33 36 31 37 38 
pa

--------
stackA  46 39 50 1 2 3 4 5 6 7 8 9 10 11 12 13 14 15 16 17 18 19 20 21 22 23 24 25 26 27 
stackB  45 42 47 40 41 44 43 48 49 29 32 30 34 28 35 33 36 31 37 38 
pa

--------
stackA  45 46 39 50 1 2 3 4 5 6 7 8 9 10 11 12 13 14 15 16 17 18 19 20 21 22 23 24 25 26 27 
stackB  42 47 40 41 44 43 48 49 29 32 30 34 28 35 33 36 31 37 38 
pa

--------
stackA  42 45 46 39 50 1 2 3 4 5 6 7 8 9 10 11 12 13 14 15 16 17 18 19 20 21 22 23 24 25 26 27 
stackB  47 40 41 44 43 48 49 29 32 30 34 28 35 33 36 31 37 38 
pa

--------
stackA  47 42 45 46 39 50 1 2 3 4 5 6 7 8 9 10 11 12 13 14 15 16 17 18 19 20 21 22 23 24 25 26 27 
stackB  40 41 44 43 48 49 29 32 30 34 28 35 33 36 31 37 38 
pa

--------
stackA  40 47 42 45 46 39 50 1 2 3 4 5 6 7 8 9 10 11 12 13 14 15 16 17 18 19 20 21 22 23 24 25 26 27 
stackB  41 44 43 48 49 29 32 30 34 28 35 33 36 31 37 38 
pa

--------
stackA  41 40 47 42 45 46 39 50 1 2 3 4 5 6 7 8 9 10 11 12 13 14 15 16 17 18 19 20 21 22 23 24 25 26 27 
stackB  44 43 48 49 29 32 30 34 28 35 33 36 31 37 38 
pa

--------
stackA  44 41 40 47 42 45 46 39 50 1 2 3 4 5 6 7 8 9 10 11 12 13 14 15 16 17 18 19 20 21 22 23 24 25 26 27 
stackB  43 48 49 29 32 30 34 28 35 33 36 31 37 38 
pa

--------
stackA  43 44 41 40 47 42 45 46 39 50 1 2 3 4 5 6 7 8 9 10 11 12 13 14 15 16 17 18 19 20 21 22 23 24 25 26 27 
stackB  48 49 29 32 30 34 28 35 33 36 31 37 38 
pa

--------
stackA  48 43 44 41 40 47 42 45 46 39 50 1 2 3 4 5 6 7 8 9 10 11 12 13 14 15 16 17 18 19 20 21 22 23 24 25 26 27 
stackB  49 29 32 30 34 28 35 33 36 31 37 38 
pa

--------
stackA  49 48 43 44 41 40 47 42 45 46 39 50 1 2 3 4 5 6 7 8 9 10 11 12 13 14 15 16 17 18 19 20 21 22 23 24 25 26 27 
stackB  29 32 30 34 28 35 33 36 31 37 38 
rb

--------
stackA  49 48 43 44 41 40 47 42 45 46 39 50 1 2 3 4 5 6 7 8 9 10 11 12 13 14 15 16 17 18 19 20 21 22 23 24 25 26 27 
stackB  32 30 34 28 35 33 36 31 37 38 29 
rb

--------
stackA  49 48 43 44 41 40 47 42 45 46 39 50 1 2 3 4 5 6 7 8 9 10 11 12 13 14 15 16 17 18 19 20 21 22 23 24 25 26 27 
stackB  30 34 28 35 33 36 31 37 38 29 32 
rb

--------
stackA  49 48 43 44 41 40 47 42 45 46 39 50 1 2 3 4 5 6 7 8 9 10 11 12 13 14 15 16 17 18 19 20 21 22 23 24 25 26 27 
stackB  34 28 35 33 36 31 37 38 29 32 30 
sb

--------
stackA  49 48 43 44 41 40 47 42 45 46 39 50 1 2 3 4 5 6 7 8 9 10 11 12 13 14 15 16 17 18 19 20 21 22 23 24 25 26 27 
stackB  28 34 35 33 36 31 37 38 29 32 30 
pa

--------
stackA  28 49 48 43 44 41 40 47 42 45 46 39 50 1 2 3 4 5 6 7 8 9 10 11 12 13 14 15 16 17 18 19 20 21 22 23 24 25 26 27 
stackB  34 35 33 36 31 37 38 29 32 30 
ra

--------
stackA  49 48 43 44 41 40 47 42 45 46 39 50 1 2 3 4 5 6 7 8 9 10 11 12 13 14 15 16 17 18 19 20 21 22 23 24 25 26 27 28 
stackB  34 35 33 36 31 37 38 29 32 30 
pa

--------
stackA  34 49 48 43 44 41 40 47 42 45 46 39 50 1 2 3 4 5 6 7 8 9 10 11 12 13 14 15 16 17 18 19 20 21 22 23 24 25 26 27 28 
stackB  35 33 36 31 37 38 29 32 30 
pa

--------
stackA  35 34 49 48 43 44 41 40 47 42 45 46 39 50 1 2 3 4 5 6 7 8 9 10 11 12 13 14 15 16 17 18 19 20 21 22 23 24 25 26 27 28 
stackB  33 36 31 37 38 29 32 30 
pa

--------
stackA  33 35 34 49 48 43 44 41 40 47 42 45 46 39 50 1 2 3 4 5 6 7 8 9 10 11 12 13 14 15 16 17 18 19 20 21 22 23 24 25 26 27 28 
stackB  36 31 37 38 29 32 30 
pa

--------
stackA  36 33 35 34 49 48 43 44 41 40 47 42 45 46 39 50 1 2 3 4 5 6 7 8 9 10 11 12 13 14 15 16 17 18 19 20 21 22 23 24 25 26 27 28 
stackB  31 37 38 29 32 30 
rb

--------
stackA  36 33 35 34 49 48 43 44 41 40 47 42 45 46 39 50 1 2 3 4 5 6 7 8 9 10 11 12 13 14 15 16 17 18 19 20 21 22 23 24 25 26 27 28 
stackB  37 38 29 32 30 31 
pa

--------
stackA  37 36 33 35 34 49 48 43 44 41 40 47 42 45 46 39 50 1 2 3 4 5 6 7 8 9 10 11 12 13 14 15 16 17 18 19 20 21 22 23 24 25 26 27 28 
stackB  38 29 32 30 31 
sb

--------
stackA  37 36 33 35 34 49 48 43 44 41 40 47 42 45 46 39 50 1 2 3 4 5 6 7 8 9 10 11 12 13 14 15 16 17 18 19 20 21 22 23 24 25 26 27 28 
stackB  29 38 32 30 31 
pa

--------
stackA  29 37 36 33 35 34 49 48 43 44 41 40 47 42 45 46 39 50 1 2 3 4 5 6 7 8 9 10 11 12 13 14 15 16 17 18 19 20 21 22 23 24 25 26 27 28 
stackB  38 32 30 31 
ra

--------
stackA  37 36 33 35 34 49 48 43 44 41 40 47 42 45 46 39 50 1 2 3 4 5 6 7 8 9 10 11 12 13 14 15 16 17 18 19 20 21 22 23 24 25 26 27 28 29 
stackB  38 32 30 31 
rrb

--------
stackA  37 36 33 35 34 49 48 43 44 41 40 47 42 45 46 39 50 1 2 3 4 5 6 7 8 9 10 11 12 13 14 15 16 17 18 19 20 21 22 23 24 25 26 27 28 29 
stackB  31 38 32 30 
rrb

--------
stackA  37 36 33 35 34 49 48 43 44 41 40 47 42 45 46 39 50 1 2 3 4 5 6 7 8 9 10 11 12 13 14 15 16 17 18 19 20 21 22 23 24 25 26 27 28 29 
stackB  30 31 38 32 
pa

--------
stackA  30 37 36 33 35 34 49 48 43 44 41 40 47 42 45 46 39 50 1 2 3 4 5 6 7 8 9 10 11 12 13 14 15 16 17 18 19 20 21 22 23 24 25 26 27 28 29 
stackB  31 38 32 
ra

--------
stackA  37 36 33 35 34 49 48 43 44 41 40 47 42 45 46 39 50 1 2 3 4 5 6 7 8 9 10 11 12 13 14 15 16 17 18 19 20 21 22 23 24 25 26 27 28 29 30 
stackB  31 38 32 
rb

--------
stackA  37 36 33 35 34 49 48 43 44 41 40 47 42 45 46 39 50 1 2 3 4 5 6 7 8 9 10 11 12 13 14 15 16 17 18 19 20 21 22 23 24 25 26 27 28 29 30 
stackB  38 32 31 
rrb

--------
stackA  37 36 33 35 34 49 48 43 44 41 40 47 42 45 46 39 50 1 2 3 4 5 6 7 8 9 10 11 12 13 14 15 16 17 18 19 20 21 22 23 24 25 26 27 28 29 30 
stackB  31 38 32 
pa

--------
stackA  31 37 36 33 35 34 49 48 43 44 41 40 47 42 45 46 39 50 1 2 3 4 5 6 7 8 9 10 11 12 13 14 15 16 17 18 19 20 21 22 23 24 25 26 27 28 29 30 
stackB  38 32 
ra

--------
stackA  37 36 33 35 34 49 48 43 44 41 40 47 42 45 46 39 50 1 2 3 4 5 6 7 8 9 10 11 12 13 14 15 16 17 18 19 20 21 22 23 24 25 26 27 28 29 30 31 
stackB  38 32 
rrb

--------
stackA  37 36 33 35 34 49 48 43 44 41 40 47 42 45 46 39 50 1 2 3 4 5 6 7 8 9 10 11 12 13 14 15 16 17 18 19 20 21 22 23 24 25 26 27 28 29 30 31 
stackB  32 38 
pa

--------
stackA  32 37 36 33 35 34 49 48 43 44 41 40 47 42 45 46 39 50 1 2 3 4 5 6 7 8 9 10 11 12 13 14 15 16 17 18 19 20 21 22 23 24 25 26 27 28 29 30 31 
stackB  38 
ra

--------
stackA  37 36 33 35 34 49 48 43 44 41 40 47 42 45 46 39 50 1 2 3 4 5 6 7 8 9 10 11 12 13 14 15 16 17 18 19 20 21 22 23 24 25 26 27 28 29 30 31 32 
stackB  38 
pb

--------
stackA  36 33 35 34 49 48 43 44 41 40 47 42 45 46 39 50 1 2 3 4 5 6 7 8 9 10 11 12 13 14 15 16 17 18 19 20 21 22 23 24 25 26 27 28 29 30 31 32 
stackB  37 38 
sa

--------
stackA  33 36 35 34 49 48 43 44 41 40 47 42 45 46 39 50 1 2 3 4 5 6 7 8 9 10 11 12 13 14 15 16 17 18 19 20 21 22 23 24 25 26 27 28 29 30 31 32 
stackB  37 38 
ra

--------
stackA  36 35 34 49 48 43 44 41 40 47 42 45 46 39 50 1 2 3 4 5 6 7 8 9 10 11 12 13 14 15 16 17 18 19 20 21 22 23 24 25 26 27 28 29 30 31 32 33 
stackB  37 38 
pa

--------
stackA  37 36 35 34 49 48 43 44 41 40 47 42 45 46 39 50 1 2 3 4 5 6 7 8 9 10 11 12 13 14 15 16 17 18 19 20 21 22 23 24 25 26 27 28 29 30 31 32 33 
stackB  38 
pa

--------
stackA  38 37 36 35 34 49 48 43 44 41 40 47 42 45 46 39 50 1 2 3 4 5 6 7 8 9 10 11 12 13 14 15 16 17 18 19 20 21 22 23 24 25 26 27 28 29 30 31 32 33 
stackB  
pb

--------
stackA  37 36 35 34 49 48 43 44 41 40 47 42 45 46 39 50 1 2 3 4 5 6 7 8 9 10 11 12 13 14 15 16 17 18 19 20 21 22 23 24 25 26 27 28 29 30 31 32 33 
stackB  38 
pb

--------
stackA  36 35 34 49 48 43 44 41 40 47 42 45 46 39 50 1 2 3 4 5 6 7 8 9 10 11 12 13 14 15 16 17 18 19 20 21 22 23 24 25 26 27 28 29 30 31 32 33 
stackB  37 38 
pb

--------
stackA  35 34 49 48 43 44 41 40 47 42 45 46 39 50 1 2 3 4 5 6 7 8 9 10 11 12 13 14 15 16 17 18 19 20 21 22 23 24 25 26 27 28 29 30 31 32 33 
stackB  36 37 38 
sa

--------
stackA  34 35 49 48 43 44 41 40 47 42 45 46 39 50 1 2 3 4 5 6 7 8 9 10 11 12 13 14 15 16 17 18 19 20 21 22 23 24 25 26 27 28 29 30 31 32 33 
stackB  36 37 38 
ra

--------
stackA  35 49 48 43 44 41 40 47 42 45 46 39 50 1 2 3 4 5 6 7 8 9 10 11 12 13 14 15 16 17 18 19 20 21 22 23 24 25 26 27 28 29 30 31 32 33 34 
stackB  36 37 38 
pa

--------
stackA  36 35 49 48 43 44 41 40 47 42 45 46 39 50 1 2 3 4 5 6 7 8 9 10 11 12 13 14 15 16 17 18 19 20 21 22 23 24 25 26 27 28 29 30 31 32 33 34 
stackB  37 38 
sa

--------
stackA  35 36 49 48 43 44 41 40 47 42 45 46 39 50 1 2 3 4 5 6 7 8 9 10 11 12 13 14 15 16 17 18 19 20 21 22 23 24 25 26 27 28 29 30 31 32 33 34 
stackB  37 38 
ra

--------
stackA  36 49 48 43 44 41 40 47 42 45 46 39 50 1 2 3 4 5 6 7 8 9 10 11 12 13 14 15 16 17 18 19 20 21 22 23 24 25 26 27 28 29 30 31 32 33 34 35 
stackB  37 38 
ra

--------
stackA  49 48 43 44 41 40 47 42 45 46 39 50 1 2 3 4 5 6 7 8 9 10 11 12 13 14 15 16 17 18 19 20 21 22 23 24 25 26 27 28 29 30 31 32 33 34 35 36 
stackB  37 38 
pa

--------
stackA  37 49 48 43 44 41 40 47 42 45 46 39 50 1 2 3 4 5 6 7 8 9 10 11 12 13 14 15 16 17 18 19 20 21 22 23 24 25 26 27 28 29 30 31 32 33 34 35 36 
stackB  38 
ra

--------
stackA  49 48 43 44 41 40 47 42 45 46 39 50 1 2 3 4 5 6 7 8 9 10 11 12 13 14 15 16 17 18 19 20 21 22 23 24 25 26 27 28 29 30 31 32 33 34 35 36 37 
stackB  38 
pa

--------
stackA  38 49 48 43 44 41 40 47 42 45 46 39 50 1 2 3 4 5 6 7 8 9 10 11 12 13 14 15 16 17 18 19 20 21 22 23 24 25 26 27 28 29 30 31 32 33 34 35 36 37 
stackB  
ra

--------
stackA  49 48 43 44 41 40 47 42 45 46 39 50 1 2 3 4 5 6 7 8 9 10 11 12 13 14 15 16 17 18 19 20 21 22 23 24 25 26 27 28 29 30 31 32 33 34 35 36 37 38 
stackB  
pb

--------
stackA  48 43 44 41 40 47 42 45 46 39 50 1 2 3 4 5 6 7 8 9 10 11 12 13 14 15 16 17 18 19 20 21 22 23 24 25 26 27 28 29 30 31 32 33 34 35 36 37 38 
stackB  49 
pb

--------
stackA  43 44 41 40 47 42 45 46 39 50 1 2 3 4 5 6 7 8 9 10 11 12 13 14 15 16 17 18 19 20 21 22 23 24 25 26 27 28 29 30 31 32 33 34 35 36 37 38 
stackB  48 49 
rb

--------
stackA  43 44 41 40 47 42 45 46 39 50 1 2 3 4 5 6 7 8 9 10 11 12 13 14 15 16 17 18 19 20 21 22 23 24 25 26 27 28 29 30 31 32 33 34 35 36 37 38 
stackB  49 48 
pb

--------
stackA  44 41 40 47 42 45 46 39 50 1 2 3 4 5 6 7 8 9 10 11 12 13 14 15 16 17 18 19 20 21 22 23 24 25 26 27 28 29 30 31 32 33 34 35 36 37 38 
stackB  43 49 48 
rb

--------
stackA  44 41 40 47 42 45 46 39 50 1 2 3 4 5 6 7 8 9 10 11 12 13 14 15 16 17 18 19 20 21 22 23 24 25 26 27 28 29 30 31 32 33 34 35 36 37 38 
stackB  49 48 43 
pb

--------
stackA  41 40 47 42 45 46 39 50 1 2 3 4 5 6 7 8 9 10 11 12 13 14 15 16 17 18 19 20 21 22 23 24 25 26 27 28 29 30 31 32 33 34 35 36 37 38 
stackB  44 49 48 43 
pb

--------
stackA  40 47 42 45 46 39 50 1 2 3 4 5 6 7 8 9 10 11 12 13 14 15 16 17 18 19 20 21 22 23 24 25 26 27 28 29 30 31 32 33 34 35 36 37 38 
stackB  41 44 49 48 43 
rb

--------
stackA  40 47 42 45 46 39 50 1 2 3 4 5 6 7 8 9 10 11 12 13 14 15 16 17 18 19 20 21 22 23 24 25 26 27 28 29 30 31 32 33 34 35 36 37 38 
stackB  44 49 48 43 41 
pb

--------
stackA  47 42 45 46 39 50 1 2 3 4 5 6 7 8 9 10 11 12 13 14 15 16 17 18 19 20 21 22 23 24 25 26 27 28 29 30 31 32 33 34 35 36 37 38 
stackB  40 44 49 48 43 41 
rb

--------
stackA  47 42 45 46 39 50 1 2 3 4 5 6 7 8 9 10 11 12 13 14 15 16 17 18 19 20 21 22 23 24 25 26 27 28 29 30 31 32 33 34 35 36 37 38 
stackB  44 49 48 43 41 40 
rb

--------
stackA  47 42 45 46 39 50 1 2 3 4 5 6 7 8 9 10 11 12 13 14 15 16 17 18 19 20 21 22 23 24 25 26 27 28 29 30 31 32 33 34 35 36 37 38 
stackB  49 48 43 41 40 44 
pa

--------
stackA  49 47 42 45 46 39 50 1 2 3 4 5 6 7 8 9 10 11 12 13 14 15 16 17 18 19 20 21 22 23 24 25 26 27 28 29 30 31 32 33 34 35 36 37 38 
stackB  48 43 41 40 44 
pa

--------
stackA  48 49 47 42 45 46 39 50 1 2 3 4 5 6 7 8 9 10 11 12 13 14 15 16 17 18 19 20 21 22 23 24 25 26 27 28 29 30 31 32 33 34 35 36 37 38 
stackB  43 41 40 44 
pa

--------
stackA  43 48 49 47 42 45 46 39 50 1 2 3 4 5 6 7 8 9 10 11 12 13 14 15 16 17 18 19 20 21 22 23 24 25 26 27 28 29 30 31 32 33 34 35 36 37 38 
stackB  41 40 44 
rb

--------
stackA  43 48 49 47 42 45 46 39 50 1 2 3 4 5 6 7 8 9 10 11 12 13 14 15 16 17 18 19 20 21 22 23 24 25 26 27 28 29 30 31 32 33 34 35 36 37 38 
stackB  40 44 41 
rb

--------
stackA  43 48 49 47 42 45 46 39 50 1 2 3 4 5 6 7 8 9 10 11 12 13 14 15 16 17 18 19 20 21 22 23 24 25 26 27 28 29 30 31 32 33 34 35 36 37 38 
stackB  44 41 40 
pa

--------
stackA  44 43 48 49 47 42 45 46 39 50 1 2 3 4 5 6 7 8 9 10 11 12 13 14 15 16 17 18 19 20 21 22 23 24 25 26 27 28 29 30 31 32 33 34 35 36 37 38 
stackB  41 40 
pa

--------
stackA  41 44 43 48 49 47 42 45 46 39 50 1 2 3 4 5 6 7 8 9 10 11 12 13 14 15 16 17 18 19 20 21 22 23 24 25 26 27 28 29 30 31 32 33 34 35 36 37 38 
stackB  40 
pa

--------
stackA  40 41 44 43 48 49 47 42 45 46 39 50 1 2 3 4 5 6 7 8 9 10 11 12 13 14 15 16 17 18 19 20 21 22 23 24 25 26 27 28 29 30 31 32 33 34 35 36 37 38 
stackB  
pb

--------
stackA  41 44 43 48 49 47 42 45 46 39 50 1 2 3 4 5 6 7 8 9 10 11 12 13 14 15 16 17 18 19 20 21 22 23 24 25 26 27 28 29 30 31 32 33 34 35 36 37 38 
stackB  40 
pb

--------
stackA  44 43 48 49 47 42 45 46 39 50 1 2 3 4 5 6 7 8 9 10 11 12 13 14 15 16 17 18 19 20 21 22 23 24 25 26 27 28 29 30 31 32 33 34 35 36 37 38 
stackB  41 40 
pa

--------
stackA  41 44 43 48 49 47 42 45 46 39 50 1 2 3 4 5 6 7 8 9 10 11 12 13 14 15 16 17 18 19 20 21 22 23 24 25 26 27 28 29 30 31 32 33 34 35 36 37 38 
stackB  40 
pa

--------
stackA  40 41 44 43 48 49 47 42 45 46 39 50 1 2 3 4 5 6 7 8 9 10 11 12 13 14 15 16 17 18 19 20 21 22 23 24 25 26 27 28 29 30 31 32 33 34 35 36 37 38 
stackB  
pb

--------
stackA  41 44 43 48 49 47 42 45 46 39 50 1 2 3 4 5 6 7 8 9 10 11 12 13 14 15 16 17 18 19 20 21 22 23 24 25 26 27 28 29 30 31 32 33 34 35 36 37 38 
stackB  40 
pb

--------
stackA  44 43 48 49 47 42 45 46 39 50 1 2 3 4 5 6 7 8 9 10 11 12 13 14 15 16 17 18 19 20 21 22 23 24 25 26 27 28 29 30 31 32 33 34 35 36 37 38 
stackB  41 40 
pb

--------
stackA  43 48 49 47 42 45 46 39 50 1 2 3 4 5 6 7 8 9 10 11 12 13 14 15 16 17 18 19 20 21 22 23 24 25 26 27 28 29 30 31 32 33 34 35 36 37 38 
stackB  44 41 40 
pa

--------
stackA  44 43 48 49 47 42 45 46 39 50 1 2 3 4 5 6 7 8 9 10 11 12 13 14 15 16 17 18 19 20 21 22 23 24 25 26 27 28 29 30 31 32 33 34 35 36 37 38 
stackB  41 40 
pa

--------
stackA  41 44 43 48 49 47 42 45 46 39 50 1 2 3 4 5 6 7 8 9 10 11 12 13 14 15 16 17 18 19 20 21 22 23 24 25 26 27 28 29 30 31 32 33 34 35 36 37 38 
stackB  40 
pa

--------
stackA  40 41 44 43 48 49 47 42 45 46 39 50 1 2 3 4 5 6 7 8 9 10 11 12 13 14 15 16 17 18 19 20 21 22 23 24 25 26 27 28 29 30 31 32 33 34 35 36 37 38 
stackB  
pb

--------
stackA  41 44 43 48 49 47 42 45 46 39 50 1 2 3 4 5 6 7 8 9 10 11 12 13 14 15 16 17 18 19 20 21 22 23 24 25 26 27 28 29 30 31 32 33 34 35 36 37 38 
stackB  40 
pb

--------
stackA  44 43 48 49 47 42 45 46 39 50 1 2 3 4 5 6 7 8 9 10 11 12 13 14 15 16 17 18 19 20 21 22 23 24 25 26 27 28 29 30 31 32 33 34 35 36 37 38 
stackB  41 40 
pb

--------
stackA  43 48 49 47 42 45 46 39 50 1 2 3 4 5 6 7 8 9 10 11 12 13 14 15 16 17 18 19 20 21 22 23 24 25 26 27 28 29 30 31 32 33 34 35 36 37 38 
stackB  44 41 40 
pb

--------
stackA  48 49 47 42 45 46 39 50 1 2 3 4 5 6 7 8 9 10 11 12 13 14 15 16 17 18 19 20 21 22 23 24 25 26 27 28 29 30 31 32 33 34 35 36 37 38 
stackB  43 44 41 40 
pb

--------
stackA  49 47 42 45 46 39 50 1 2 3 4 5 6 7 8 9 10 11 12 13 14 15 16 17 18 19 20 21 22 23 24 25 26 27 28 29 30 31 32 33 34 35 36 37 38 
stackB  48 43 44 41 40 
pb

--------
stackA  47 42 45 46 39 50 1 2 3 4 5 6 7 8 9 10 11 12 13 14 15 16 17 18 19 20 21 22 23 24 25 26 27 28 29 30 31 32 33 34 35 36 37 38 
stackB  49 48 43 44 41 40 
pb

--------
stackA  42 45 46 39 50 1 2 3 4 5 6 7 8 9 10 11 12 13 14 15 16 17 18 19 20 21 22 23 24 25 26 27 28 29 30 31 32 33 34 35 36 37 38 
stackB  47 49 48 43 44 41 40 
pb

--------
stackA  45 46 39 50 1 2 3 4 5 6 7 8 9 10 11 12 13 14 15 16 17 18 19 20 21 22 23 24 25 26 27 28 29 30 31 32 33 34 35 36 37 38 
stackB  42 47 49 48 43 44 41 40 
pb

--------
stackA  46 39 50 1 2 3 4 5 6 7 8 9 10 11 12 13 14 15 16 17 18 19 20 21 22 23 24 25 26 27 28 29 30 31 32 33 34 35 36 37 38 
stackB  45 42 47 49 48 43 44 41 40 
sa

--------
stackA  39 46 50 1 2 3 4 5 6 7 8 9 10 11 12 13 14 15 16 17 18 19 20 21 22 23 24 25 26 27 28 29 30 31 32 33 34 35 36 37 38 
stackB  45 42 47 49 48 43 44 41 40 
ra

--------
stackA  46 50 1 2 3 4 5 6 7 8 9 10 11 12 13 14 15 16 17 18 19 20 21 22 23 24 25 26 27 28 29 30 31 32 33 34 35 36 37 38 39 
stackB  45 42 47 49 48 43 44 41 40 
pa

--------
stackA  45 46 50 1 2 3 4 5 6 7 8 9 10 11 12 13 14 15 16 17 18 19 20 21 22 23 24 25 26 27 28 29 30 31 32 33 34 35 36 37 38 39 
stackB  42 47 49 48 43 44 41 40 
rrb

--------
stackA  45 46 50 1 2 3 4 5 6 7 8 9 10 11 12 13 14 15 16 17 18 19 20 21 22 23 24 25 26 27 28 29 30 31 32 33 34 35 36 37 38 39 
stackB  40 42 47 49 48 43 44 41 
pa

--------
stackA  40 45 46 50 1 2 3 4 5 6 7 8 9 10 11 12 13 14 15 16 17 18 19 20 21 22 23 24 25 26 27 28 29 30 31 32 33 34 35 36 37 38 39 
stackB  42 47 49 48 43 44 41 
ra

--------
stackA  45 46 50 1 2 3 4 5 6 7 8 9 10 11 12 13 14 15 16 17 18 19 20 21 22 23 24 25 26 27 28 29 30 31 32 33 34 35 36 37 38 39 40 
stackB  42 47 49 48 43 44 41 
rrb

--------
stackA  45 46 50 1 2 3 4 5 6 7 8 9 10 11 12 13 14 15 16 17 18 19 20 21 22 23 24 25 26 27 28 29 30 31 32 33 34 35 36 37 38 39 40 
stackB  41 42 47 49 48 43 44 
pa

--------
stackA  41 45 46 50 1 2 3 4 5 6 7 8 9 10 11 12 13 14 15 16 17 18 19 20 21 22 23 24 25 26 27 28 29 30 31 32 33 34 35 36 37 38 39 40 
stackB  42 47 49 48 43 44 
ra

--------
stackA  45 46 50 1 2 3 4 5 6 7 8 9 10 11 12 13 14 15 16 17 18 19 20 21 22 23 24 25 26 27 28 29 30 31 32 33 34 35 36 37 38 39 40 41 
stackB  42 47 49 48 43 44 
pa

--------
stackA  42 45 46 50 1 2 3 4 5 6 7 8 9 10 11 12 13 14 15 16 17 18 19 20 21 22 23 24 25 26 27 28 29 30 31 32 33 34 35 36 37 38 39 40 41 
stackB  47 49 48 43 44 
ra

--------
stackA  45 46 50 1 2 3 4 5 6 7 8 9 10 11 12 13 14 15 16 17 18 19 20 21 22 23 24 25 26 27 28 29 30 31 32 33 34 35 36 37 38 39 40 41 42 
stackB  47 49 48 43 44 
rrb

--------
stackA  45 46 50 1 2 3 4 5 6 7 8 9 10 11 12 13 14 15 16 17 18 19 20 21 22 23 24 25 26 27 28 29 30 31 32 33 34 35 36 37 38 39 40 41 42 
stackB  44 47 49 48 43 
rrb

--------
stackA  45 46 50 1 2 3 4 5 6 7 8 9 10 11 12 13 14 15 16 17 18 19 20 21 22 23 24 25 26 27 28 29 30 31 32 33 34 35 36 37 38 39 40 41 42 
stackB  43 44 47 49 48 
pa

--------
stackA  43 45 46 50 1 2 3 4 5 6 7 8 9 10 11 12 13 14 15 16 17 18 19 20 21 22 23 24 25 26 27 28 29 30 31 32 33 34 35 36 37 38 39 40 41 42 
stackB  44 47 49 48 
ra

--------
stackA  45 46 50 1 2 3 4 5 6 7 8 9 10 11 12 13 14 15 16 17 18 19 20 21 22 23 24 25 26 27 28 29 30 31 32 33 34 35 36 37 38 39 40 41 42 43 
stackB  44 47 49 48 
rb

--------
stackA  45 46 50 1 2 3 4 5 6 7 8 9 10 11 12 13 14 15 16 17 18 19 20 21 22 23 24 25 26 27 28 29 30 31 32 33 34 35 36 37 38 39 40 41 42 43 
stackB  47 49 48 44 
rrb

--------
stackA  45 46 50 1 2 3 4 5 6 7 8 9 10 11 12 13 14 15 16 17 18 19 20 21 22 23 24 25 26 27 28 29 30 31 32 33 34 35 36 37 38 39 40 41 42 43 
stackB  44 47 49 48 
pa

--------
stackA  44 45 46 50 1 2 3 4 5 6 7 8 9 10 11 12 13 14 15 16 17 18 19 20 21 22 23 24 25 26 27 28 29 30 31 32 33 34 35 36 37 38 39 40 41 42 43 
stackB  47 49 48 
ra

--------
stackA  45 46 50 1 2 3 4 5 6 7 8 9 10 11 12 13 14 15 16 17 18 19 20 21 22 23 24 25 26 27 28 29 30 31 32 33 34 35 36 37 38 39 40 41 42 43 44 
stackB  47 49 48 
ra

--------
stackA  46 50 1 2 3 4 5 6 7 8 9 10 11 12 13 14 15 16 17 18 19 20 21 22 23 24 25 26 27 28 29 30 31 32 33 34 35 36 37 38 39 40 41 42 43 44 45 
stackB  47 49 48 
ra

--------
stackA  50 1 2 3 4 5 6 7 8 9 10 11 12 13 14 15 16 17 18 19 20 21 22 23 24 25 26 27 28 29 30 31 32 33 34 35 36 37 38 39 40 41 42 43 44 45 46 
stackB  47 49 48 
pa

--------
stackA  47 50 1 2 3 4 5 6 7 8 9 10 11 12 13 14 15 16 17 18 19 20 21 22 23 24 25 26 27 28 29 30 31 32 33 34 35 36 37 38 39 40 41 42 43 44 45 46 
stackB  49 48 
ra

--------
stackA  50 1 2 3 4 5 6 7 8 9 10 11 12 13 14 15 16 17 18 19 20 21 22 23 24 25 26 27 28 29 30 31 32 33 34 35 36 37 38 39 40 41 42 43 44 45 46 47 
stackB  49 48 
sb

--------
stackA  50 1 2 3 4 5 6 7 8 9 10 11 12 13 14 15 16 17 18 19 20 21 22 23 24 25 26 27 28 29 30 31 32 33 34 35 36 37 38 39 40 41 42 43 44 45 46 47 
stackB  48 49 
pa

--------
stackA  48 50 1 2 3 4 5 6 7 8 9 10 11 12 13 14 15 16 17 18 19 20 21 22 23 24 25 26 27 28 29 30 31 32 33 34 35 36 37 38 39 40 41 42 43 44 45 46 47 
stackB  49 
ra

--------
stackA  50 1 2 3 4 5 6 7 8 9 10 11 12 13 14 15 16 17 18 19 20 21 22 23 24 25 26 27 28 29 30 31 32 33 34 35 36 37 38 39 40 41 42 43 44 45 46 47 48 
stackB  49 
pa

--------
stackA  49 50 1 2 3 4 5 6 7 8 9 10 11 12 13 14 15 16 17 18 19 20 21 22 23 24 25 26 27 28 29 30 31 32 33 34 35 36 37 38 39 40 41 42 43 44 45 46 47 48 
stackB  
ra

--------
stackA  50 1 2 3 4 5 6 7 8 9 10 11 12 13 14 15 16 17 18 19 20 21 22 23 24 25 26 27 28 29 30 31 32 33 34 35 36 37 38 39 40 41 42 43 44 45 46 47 48 49 
stackB  
ra

--------
stackA  1 2 3 4 5 6 7 8 9 10 11 12 13 14 15 16 17 18 19 20 21 22 23 24 25 26 27 28 29 30 31 32 33 34 35 36 37 38 39 40 41 42 43 44 45 46 47 48 49 50 
stackB  
pb
ra
pb
pb
rr
ra
ra
pb
rr
pb
pb
ra
ra
ra
ra
ra
pb
pb
rb
pb
ra
pb
rb
pb
ra
pb
pb
rr
ra
pb
rb
pb
rb
pb
rr
ra
ra
pb
rb
pb
pb
pb
rb
pb
pb
pb
ra
pb
rr
ra
ra
ra
pb
rr
ra
ra
pa
rrb
pa
ra
pa
pa
pa
pa
pa
pa
pa
pa
pa
pa
pa
pa
sb
pa
rr
rb
sb
pa
rr
rb
rb
rb
sb
pa
ra
rrb
rrb
pa
rr
rb
sb
pa
ra
rrb
rrb
pa
rr
rrb
pa
ra
rrb
pa
ra
rrb
pa
ra
rrb
pa
ra
pa
ra
pb
pb
pb
pb
pb
pb
pb
pb
sa
ra
pa
rrb
pa
ra
sa
ra
pb
sa
ra
pa
pa
sb
pa
ra
pa
pa
rb
pb
pb
pb
pb
sa
ra
pa
sa
ra
rrb
pa
ra
sb
pa
ra
ra
rrb
pa
ra
pa
ra
pa
ra
pb
pb
pb
rb
pb
pb
pb
rb
pb
pb
rb
pb
pb
pb
pb
rb
pb
rb
pb
pb
pb
pb
sa
ra
pa
rb
pb
pb
sa
rr
pb
pb
pb
pb
rb
pb
rb
pa
rb
pa
pa
pa
pa
pa
pa
pa
pa
pa
pa
pa
rb
rb
rb
sb
pa
ra
pa
pa
pa
pa
rb
pa
sb
pa
ra
rrb
rrb
pa
rr
rrb
pa
ra
rrb
pa
ra
pb
sa
ra
pb
sa
ra
pa
sa
ra
ra
pa
ra
pa
ra
pb
pb
rb
pb
rb
pb
pb
rb
pb
rb
rb
pa
pa
pa
rb
rb
pb
pb
pb
pb
pb
pb
sa
ra
pa
rrb
pa
ra
rrb
pa
ra
pa
ra
rrb
rrb
pa
rr
rrb
pa
ra
ra
ra
pa
ra
sb
pa
ra
pa
ra
ra
